<?xml version="1.0" encoding="UTF-8"?>
<testsuite xmlns:xsi="http://www.w3.org/2001/XMLSchema-instance" xsi:noNamespaceSchemaLocation="https://maven.apache.org/surefire/maven-surefire-plugin/xsd/surefire-test-report-3.0.xsd" version="3.0" name="com.kb.manager.service.KbDocumentServiceTest" time="0.072" tests="5" errors="0" skipped="0" failures="0">
  <properties>
[...]
</properties>
  <testcase name="testRollbackVersion" classname="com.kb.manager.service.KbDocumentServiceTest" time="0.023">
    <system-out><![CDATA[2026-06-07 12:45:59 [main] INFO  o.s.t.c.s.AnnotationConfigContextLoaderUtils - Could not detect default configuration classes for test class [com.kb.manager.service.KbDocumentServiceTest]: KbDocumentServiceTest does not declare any static, non-private, non-final, nested classes annotated with @Configuration.
2026-06-07 12:45:59 [main] INFO  o.s.b.t.c.SpringBootTestContextBootstrapper - Found @SpringBootConfiguration com.kb.manager.KbManagerApplication for test class com.kb.manager.service.KbDocumentServiceTest
2026-06-07 12:45:59 [main] DEBUG c.k.m.mapper.KbCategoryMapper.insert - ==>  Preparing: INSERT INTO kb_category ( id, parent_id, name, sort_order, create_time, update_time, deleted ) VALUES ( ?, ?, ?, ?, ?, ?, ? )
2026-06-07 12:45:59 [main] DEBUG c.k.m.mapper.KbCategoryMapper.insert - ==> Parameters: 2063482581457846274(Long), 0(Long), 测试分类(String), 1(Integer), 2026-06-07T12:45:59.744490100(LocalDateTime), 2026-06-07T12:45:59.744490100(LocalDateTime), 0(Integer)
2026-06-07 12:45:59 [main] DEBUG c.k.m.mapper.KbCategoryMapper.insert - <==    Updates: 1
2026-06-07 12:45:59 [main] DEBUG c.k.m.m.KbCategoryMapper.selectList - ==>  Preparing: SELECT id,parent_id,name,sort_order,create_time,update_time,deleted FROM kb_category WHERE deleted=0 AND (deleted = ?) ORDER BY sort_order ASC
2026-06-07 12:45:59 [main] DEBUG c.k.m.m.KbCategoryMapper.selectList - ==> Parameters: 0(Integer)
2026-06-07 12:45:59 [main] DEBUG c.k.m.m.KbCategoryMapper.selectList - <==      Total: 1
2026-06-07 12:45:59 [main] DEBUG c.k.m.mapper.KbDocumentMapper.insert - ==>  Preparing: INSERT INTO kb_document ( id, category_id, title, content, status, version, create_by, update_by, create_time, update_time, deleted ) VALUES ( ?, ?, ?, ?, ?, ?, ?, ?, ?, ?, ? )
2026-06-07 12:45:59 [main] DEBUG c.k.m.mapper.KbDocumentMapper.insert - ==> Parameters: 2063482581524955137(Long), 2063482581457846274(Long), 测试文档(String), # 测试内容(String), DRAFT(String), 1(Integer), system(String), system(String), 2026-06-07T12:45:59.750257500(LocalDateTime), 2026-06-07T12:45:59.750257500(LocalDateTime), 0(Integer)
2026-06-07 12:45:59 [main] DEBUG c.k.m.mapper.KbDocumentMapper.insert - <==    Updates: 1
2026-06-07 12:45:59 [main] DEBUG c.k.m.m.KbDocumentMapper.selectById - ==>  Preparing: SELECT id,category_id,title,content,status,version,publish_time,create_by,update_by,create_time,update_time,deleted FROM kb_document WHERE id=? AND deleted=0
2026-06-07 12:45:59 [main] DEBUG c.k.m.m.KbDocumentMapper.selectById - ==> Parameters: 2063482581524955137(Long)
2026-06-07 12:45:59 [main] DEBUG c.k.m.m.KbDocumentMapper.selectById - <==      Total: 1
2026-06-07 12:45:59 [main] DEBUG c.k.m.m.K.insert - ==>  Preparing: INSERT INTO kb_document_version ( id, document_id, version, title, content, create_time, create_by ) VALUES ( ?, ?, ?, ?, ?, ?, ? )
2026-06-07 12:45:59 [main] DEBUG c.k.m.m.K.insert - ==> Parameters: 2063482581524955138(Long), 2063482581524955137(Long), 2(Integer), 测试文档(String), # 测试内容(String), 2026-06-07T12:45:59.753257(LocalDateTime), system(String)
2026-06-07 12:45:59 [main] DEBUG c.k.m.m.K.insert - <==    Updates: 1
2026-06-07 12:45:59 [main] DEBUG c.k.m.m.KbDocumentMapper.updateById - ==>  Preparing: UPDATE kb_document SET category_id=?, title=?, content=?, status=?, version=?, publish_time=?, create_by=?, update_by=?, create_time=?, update_time=? WHERE id=? AND deleted=0
2026-06-07 12:45:59 [main] DEBUG c.k.m.m.KbDocumentMapper.updateById - ==> Parameters: 2063482581457846274(Long), 测试文档(String), # 测试内容(String), PUBLISHED(String), 2(Integer), 2026-06-07T12:45:59.754761(LocalDateTime), system(String), system(String), 2026-06-07T12:45:59.750258(LocalDateTime), 2026-06-07T12:45:59.754761(LocalDateTime), 2063482581524955137(Long)
2026-06-07 12:45:59 [main] DEBUG c.k.m.m.KbDocumentMapper.updateById - <==    Updates: 1
2026-06-07 12:45:59 [main] DEBUG c.k.m.m.KbDocumentMapper.selectById - ==>  Preparing: SELECT id,category_id,title,content,status,version,publish_time,create_by,update_by,create_time,update_time,deleted FROM kb_document WHERE id=? AND deleted=0
2026-06-07 12:45:59 [main] DEBUG c.k.m.m.KbDocumentMapper.selectById - ==> Parameters: 2063482581524955137(Long)
2026-06-07 12:45:59 [main] DEBUG c.k.m.m.KbDocumentMapper.selectById - <==      Total: 1
2026-06-07 12:45:59 [main] DEBUG c.k.m.m.K.selectList - ==>  Preparing: SELECT id,document_id,version,title,content,create_time,create_by FROM kb_document_version WHERE (document_id = ?) ORDER BY version DESC
2026-06-07 12:45:59 [main] DEBUG c.k.m.m.K.selectList - ==> Parameters: 2063482581524955137(Long)
2026-06-07 12:45:59 [main] DEBUG c.k.m.m.K.selectList - <==      Total: 1
2026-06-07 12:45:59 [main] DEBUG c.k.m.m.K.selectById - ==>  Preparing: SELECT id,document_id,version,title,content,create_time,create_by FROM kb_document_version WHERE id=?
2026-06-07 12:45:59 [main] DEBUG c.k.m.m.K.selectById - ==> Parameters: 2063482581524955138(Long)
2026-06-07 12:45:59 [main] DEBUG c.k.m.m.K.selectById - <==      Total: 1
2026-06-07 12:45:59 [main] DEBUG c.k.m.m.KbDocumentMapper.updateById - ==>  Preparing: UPDATE kb_document SET category_id=?, title=?, content=?, status=?, version=?, publish_time=?, create_by=?, update_by=?, create_time=?, update_time=? WHERE id=? AND deleted=0
2026-06-07 12:45:59 [main] DEBUG c.k.m.m.KbDocumentMapper.updateById - ==> Parameters: 2063482581457846274(Long), 测试文档(String), # 测试内容(String), DRAFT(String), 2(Integer), 2026-06-07T12:45:59.754761(LocalDateTime), system(String), system(String), 2026-06-07T12:45:59.750258(LocalDateTime), 2026-06-07T12:45:59.760770100(LocalDateTime), 2063482581524955137(Long)
2026-06-07 12:45:59 [main] DEBUG c.k.m.m.KbDocumentMapper.updateById - <==    Updates: 1
2026-06-07 12:45:59 [main] DEBUG c.k.m.m.KbDocumentMapper.selectById - ==>  Preparing: SELECT id,category_id,title,content,status,version,publish_time,create_by,update_by,create_time,update_time,deleted FROM kb_document WHERE id=? AND deleted=0
2026-06-07 12:45:59 [main] DEBUG c.k.m.m.KbDocumentMapper.selectById - ==> Parameters: 2063482581524955137(Long)
2026-06-07 12:45:59 [main] DEBUG c.k.m.m.KbDocumentMapper.selectById - <==      Total: 1
]]></system-out>
  </testcase>
  <testcase name="testOnlyDraftCanBeUpdated" classname="com.kb.manager.service.KbDocumentServiceTest" time="0.008">
    <system-out><![CDATA[2026-06-07 12:45:59 [main] DEBUG c.k.m.mapper.KbCategoryMapper.insert - ==>  Preparing: INSERT INTO kb_category ( id, parent_id, name, sort_order, create_time, update_time, deleted ) VALUES ( ?, ?, ?, ?, ?, ?, ? )
2026-06-07 12:45:59 [main] DEBUG c.k.m.mapper.KbCategoryMapper.insert - ==> Parameters: 2063482581587869698(Long), 0(Long), 测试分类(String), 1(Integer), 2026-06-07T12:45:59.766936400(LocalDateTime), 2026-06-07T12:45:59.766936400(LocalDateTime), 0(Integer)
2026-06-07 12:45:59 [main] DEBUG c.k.m.mapper.KbCategoryMapper.insert - <==    Updates: 1
2026-06-07 12:45:59 [main] DEBUG c.k.m.m.KbCategoryMapper.selectList - ==>  Preparing: SELECT id,parent_id,name,sort_order,create_time,update_time,deleted FROM kb_category WHERE deleted=0 AND (deleted = ?) ORDER BY sort_order ASC
2026-06-07 12:45:59 [main] DEBUG c.k.m.m.KbCategoryMapper.selectList - ==> Parameters: 0(Integer)
2026-06-07 12:45:59 [main] DEBUG c.k.m.m.KbCategoryMapper.selectList - <==      Total: 1
2026-06-07 12:45:59 [main] DEBUG c.k.m.mapper.KbDocumentMapper.insert - ==>  Preparing: INSERT INTO kb_document ( id, category_id, title, content, status, version, create_by, update_by, create_time, update_time, deleted ) VALUES ( ?, ?, ?, ?, ?, ?, ?, ?, ?, ?, ? )
2026-06-07 12:45:59 [main] DEBUG c.k.m.mapper.KbDocumentMapper.insert - ==> Parameters: 2063482581587869699(Long), 2063482581587869698(Long), 测试文档(String), # 测试内容(String), DRAFT(String), 1(Integer), system(String), system(String), 2026-06-07T12:45:59.769010200(LocalDateTime), 2026-06-07T12:45:59.769010200(LocalDateTime), 0(Integer)
2026-06-07 12:45:59 [main] DEBUG c.k.m.mapper.KbDocumentMapper.insert - <==    Updates: 1
2026-06-07 12:45:59 [main] DEBUG c.k.m.m.KbDocumentMapper.selectById - ==>  Preparing: SELECT id,category_id,title,content,status,version,publish_time,create_by,update_by,create_time,update_time,deleted FROM kb_document WHERE id=? AND deleted=0
2026-06-07 12:45:59 [main] DEBUG c.k.m.m.KbDocumentMapper.selectById - ==> Parameters: 2063482581587869699(Long)
2026-06-07 12:45:59 [main] DEBUG c.k.m.m.KbDocumentMapper.selectById - <==      Total: 1
2026-06-07 12:45:59 [main] DEBUG c.k.m.m.K.insert - ==>  Preparing: INSERT INTO kb_document_version ( id, document_id, version, title, content, create_time, create_by ) VALUES ( ?, ?, ?, ?, ?, ?, ? )
2026-06-07 12:45:59 [main] DEBUG c.k.m.m.K.insert - ==> Parameters: 2063482581587869700(Long), 2063482581587869699(Long), 2(Integer), 测试文档(String), # 测试内容(String), 2026-06-07T12:45:59.770072600(LocalDateTime), system(String)
2026-06-07 12:45:59 [main] DEBUG c.k.m.m.K.insert - <==    Updates: 1
2026-06-07 12:45:59 [main] DEBUG c.k.m.m.KbDocumentMapper.updateById - ==>  Preparing: UPDATE kb_document SET category_id=?, title=?, content=?, status=?, version=?, publish_time=?, create_by=?, update_by=?, create_time=?, update_time=? WHERE id=? AND deleted=0
2026-06-07 12:45:59 [main] DEBUG c.k.m.m.KbDocumentMapper.updateById - ==> Parameters: 2063482581587869698(Long), 测试文档(String), # 测试内容(String), PUBLISHED(String), 2(Integer), 2026-06-07T12:45:59.770591900(LocalDateTime), system(String), system(String), 2026-06-07T12:45:59.769010(LocalDateTime), 2026-06-07T12:45:59.770591900(LocalDateTime), 2063482581587869699(Long)
2026-06-07 12:45:59 [main] DEBUG c.k.m.m.KbDocumentMapper.updateById - <==    Updates: 1
2026-06-07 12:45:59 [main] DEBUG c.k.m.m.KbDocumentMapper.selectById - ==>  Preparing: SELECT id,category_id,title,content,status,version,publish_time,create_by,update_by,create_time,update_time,deleted FROM kb_document WHERE id=? AND deleted=0
2026-06-07 12:45:59 [main] DEBUG c.k.m.m.KbDocumentMapper.selectById - ==> Parameters: 2063482581587869699(Long)
2026-06-07 12:45:59 [main] DEBUG c.k.m.m.KbDocumentMapper.selectById - <==      Total: 1
]]></system-out>
  </testcase>
  <testcase name="testPublishDocumentCreatesVersion" classname="com.kb.manager.service.KbDocumentServiceTest" time="0.012">
    <system-out><![CDATA[2026-06-07 12:45:59 [main] DEBUG c.k.m.mapper.KbCategoryMapper.insert - ==>  Preparing: INSERT INTO kb_category ( id, parent_id, name, sort_order, create_time, update_time, deleted ) VALUES ( ?, ?, ?, ?, ?, ?, ? )
2026-06-07 12:45:59 [main] DEBUG c.k.m.mapper.KbCategoryMapper.insert - ==> Parameters: 2063482581587869701(Long), 0(Long), 测试分类(String), 1(Integer), 2026-06-07T12:45:59.774736400(LocalDateTime), 2026-06-07T12:45:59.774736400(LocalDateTime), 0(Integer)
2026-06-07 12:45:59 [main] DEBUG c.k.m.mapper.KbCategoryMapper.insert - <==    Updates: 1
2026-06-07 12:45:59 [main] DEBUG c.k.m.m.KbCategoryMapper.selectList - ==>  Preparing: SELECT id,parent_id,name,sort_order,create_time,update_time,deleted FROM kb_category WHERE deleted=0 AND (deleted = ?) ORDER BY sort_order ASC
2026-06-07 12:45:59 [main] DEBUG c.k.m.m.KbCategoryMapper.selectList - ==> Parameters: 0(Integer)
2026-06-07 12:45:59 [main] DEBUG c.k.m.m.KbCategoryMapper.selectList - <==      Total: 1
2026-06-07 12:45:59 [main] DEBUG c.k.m.mapper.KbDocumentMapper.insert - ==>  Preparing: INSERT INTO kb_document ( id, category_id, title, content, status, version, create_by, update_by, create_time, update_time, deleted ) VALUES ( ?, ?, ?, ?, ?, ?, ?, ?, ?, ?, ? )
2026-06-07 12:45:59 [main] DEBUG c.k.m.mapper.KbDocumentMapper.insert - ==> Parameters: 2063482581654978561(Long), 2063482581587869701(Long), 测试文档(String), # 测试内容(String), DRAFT(String), 1(Integer), system(String), system(String), 2026-06-07T12:45:59.775802500(LocalDateTime), 2026-06-07T12:45:59.775802500(LocalDateTime), 0(Integer)
2026-06-07 12:45:59 [main] DEBUG c.k.m.mapper.KbDocumentMapper.insert - <==    Updates: 1
2026-06-07 12:45:59 [main] DEBUG c.k.m.m.KbDocumentMapper.selectById - ==>  Preparing: SELECT id,category_id,title,content,status,version,publish_time,create_by,update_by,create_time,update_time,deleted FROM kb_document WHERE id=? AND deleted=0
2026-06-07 12:45:59 [main] DEBUG c.k.m.m.KbDocumentMapper.selectById - ==> Parameters: 2063482581654978561(Long)
2026-06-07 12:45:59 [main] DEBUG c.k.m.m.KbDocumentMapper.selectById - <==      Total: 1
2026-06-07 12:45:59 [main] DEBUG c.k.m.m.K.insert - ==>  Preparing: INSERT INTO kb_document_version ( id, document_id, version, title, content, create_time, create_by ) VALUES ( ?, ?, ?, ?, ?, ?, ? )
2026-06-07 12:45:59 [main] DEBUG c.k.m.m.K.insert - ==> Parameters: 2063482581654978562(Long), 2063482581654978561(Long), 2(Integer), 测试文档(String), # 测试内容(String), 2026-06-07T12:45:59.779737200(LocalDateTime), system(String)
2026-06-07 12:45:59 [main] DEBUG c.k.m.m.K.insert - <==    Updates: 1
2026-06-07 12:45:59 [main] DEBUG c.k.m.m.KbDocumentMapper.updateById - ==>  Preparing: UPDATE kb_document SET category_id=?, title=?, content=?, status=?, version=?, publish_time=?, create_by=?, update_by=?, create_time=?, update_time=? WHERE id=? AND deleted=0
2026-06-07 12:45:59 [main] DEBUG c.k.m.m.KbDocumentMapper.updateById - ==> Parameters: 2063482581587869701(Long), 测试文档(String), # 测试内容(String), PUBLISHED(String), 2(Integer), 2026-06-07T12:45:59.780784400(LocalDateTime), system(String), system(String), 2026-06-07T12:45:59.775803(LocalDateTime), 2026-06-07T12:45:59.780784400(LocalDateTime), 2063482581654978561(Long)
2026-06-07 12:45:59 [main] DEBUG c.k.m.m.KbDocumentMapper.updateById - <==    Updates: 1
2026-06-07 12:45:59 [main] DEBUG c.k.m.m.KbDocumentMapper.selectById - ==>  Preparing: SELECT id,category_id,title,content,status,version,publish_time,create_by,update_by,create_time,update_time,deleted FROM kb_document WHERE id=? AND deleted=0
2026-06-07 12:45:59 [main] DEBUG c.k.m.m.KbDocumentMapper.selectById - ==> Parameters: 2063482581654978561(Long)
2026-06-07 12:45:59 [main] DEBUG c.k.m.m.KbDocumentMapper.selectById - <==      Total: 1
2026-06-07 12:45:59 [main] DEBUG c.k.m.m.K.selectList - ==>  Preparing: SELECT id,document_id,version,title,content,create_time,create_by FROM kb_document_version WHERE (document_id = ?) ORDER BY version DESC
2026-06-07 12:45:59 [main] DEBUG c.k.m.m.K.selectList - ==> Parameters: 2063482581654978561(Long)
2026-06-07 12:45:59 [main] DEBUG c.k.m.m.K.selectList - <==      Total: 1
]]></system-out>
  </testcase>
  <testcase name="testSoftDeleteDocument" classname="com.kb.manager.service.KbDocumentServiceTest" time="0.007">
    <system-out><![CDATA[2026-06-07 12:45:59 [main] DEBUG c.k.m.mapper.KbCategoryMapper.insert - ==>  Preparing: INSERT INTO kb_category ( id, parent_id, name, sort_order, create_time, update_time, deleted ) VALUES ( ?, ?, ?, ?, ?, ?, ? )
2026-06-07 12:45:59 [main] DEBUG c.k.m.mapper.KbCategoryMapper.insert - ==> Parameters: 2063482581654978563(Long), 0(Long), 测试分类(String), 1(Integer), 2026-06-07T12:45:59.786517300(LocalDateTime), 2026-06-07T12:45:59.786517300(LocalDateTime), 0(Integer)
2026-06-07 12:45:59 [main] DEBUG c.k.m.mapper.KbCategoryMapper.insert - <==    Updates: 1
2026-06-07 12:45:59 [main] DEBUG c.k.m.m.KbCategoryMapper.selectList - ==>  Preparing: SELECT id,parent_id,name,sort_order,create_time,update_time,deleted FROM kb_category WHERE deleted=0 AND (deleted = ?) ORDER BY sort_order ASC
2026-06-07 12:45:59 [main] DEBUG c.k.m.m.KbCategoryMapper.selectList - ==> Parameters: 0(Integer)
2026-06-07 12:45:59 [main] DEBUG c.k.m.m.KbCategoryMapper.selectList - <==      Total: 1
2026-06-07 12:45:59 [main] DEBUG c.k.m.mapper.KbDocumentMapper.insert - ==>  Preparing: INSERT INTO kb_document ( id, category_id, title, content, status, version, create_by, update_by, create_time, update_time, deleted ) VALUES ( ?, ?, ?, ?, ?, ?, ?, ?, ?, ?, ? )
2026-06-07 12:45:59 [main] DEBUG c.k.m.mapper.KbDocumentMapper.insert - ==> Parameters: 2063482581654978564(Long), 2063482581654978563(Long), 测试文档(String), # 测试内容(String), DRAFT(String), 1(Integer), system(String), system(String), 2026-06-07T12:45:59.788607300(LocalDateTime), 2026-06-07T12:45:59.788607300(LocalDateTime), 0(Integer)
2026-06-07 12:45:59 [main] DEBUG c.k.m.mapper.KbDocumentMapper.insert - <==    Updates: 1
2026-06-07 12:45:59 [main] DEBUG c.k.m.m.KbDocumentMapper.selectById - ==>  Preparing: SELECT id,category_id,title,content,status,version,publish_time,create_by,update_by,create_time,update_time,deleted FROM kb_document WHERE id=? AND deleted=0
2026-06-07 12:45:59 [main] DEBUG c.k.m.m.KbDocumentMapper.selectById - ==> Parameters: 2063482581654978564(Long)
2026-06-07 12:45:59 [main] DEBUG c.k.m.m.KbDocumentMapper.selectById - <==      Total: 1
2026-06-07 12:45:59 [main] DEBUG c.k.m.m.KbDocumentMapper.deleteById - ==>  Preparing: UPDATE kb_document SET deleted=1 WHERE id=? AND deleted=0
2026-06-07 12:45:59 [main] DEBUG c.k.m.m.KbDocumentMapper.deleteById - ==> Parameters: 2063482581654978564(Long)
2026-06-07 12:45:59 [main] DEBUG c.k.m.m.KbDocumentMapper.deleteById - <==    Updates: 1
2026-06-07 12:45:59 [main] DEBUG c.k.m.m.KbDocumentMapper.selectById - ==>  Preparing: SELECT id,category_id,title,content,status,version,publish_time,create_by,update_by,create_time,update_time,deleted FROM kb_document WHERE id=? AND deleted=0
2026-06-07 12:45:59 [main] DEBUG c.k.m.m.KbDocumentMapper.selectById - ==> Parameters: 2063482581654978564(Long)
2026-06-07 12:45:59 [main] DEBUG c.k.m.m.KbDocumentMapper.selectById - <==      Total: 0
]]></system-out>
  </testcase>
  <testcase name="testPageDocumentsWithFilters" classname="com.kb.manager.service.KbDocumentServiceTest" time="0.014">
    <system-out><![CDATA[2026-06-07 12:45:59 [main] DEBUG c.k.m.mapper.KbCategoryMapper.insert - ==>  Preparing: INSERT INTO kb_category ( id, parent_id, name, sort_order, create_time, update_time, deleted ) VALUES ( ?, ?, ?, ?, ?, ?, ? )
2026-06-07 12:45:59 [main] DEBUG c.k.m.mapper.KbCategoryMapper.insert - ==> Parameters: 2063482581722087425(Long), 0(Long), 测试分类(String), 1(Integer), 2026-06-07T12:45:59.793224800(LocalDateTime), 2026-06-07T12:45:59.793224800(LocalDateTime), 0(Integer)
2026-06-07 12:45:59 [main] DEBUG c.k.m.mapper.KbCategoryMapper.insert - <==    Updates: 1
2026-06-07 12:45:59 [main] DEBUG c.k.m.m.KbCategoryMapper.selectList - ==>  Preparing: SELECT id,parent_id,name,sort_order,create_time,update_time,deleted FROM kb_category WHERE deleted=0 AND (deleted = ?) ORDER BY sort_order ASC
2026-06-07 12:45:59 [main] DEBUG c.k.m.m.KbCategoryMapper.selectList - ==> Parameters: 0(Integer)
2026-06-07 12:45:59 [main] DEBUG c.k.m.m.KbCategoryMapper.selectList - <==      Total: 1
2026-06-07 12:45:59 [main] DEBUG c.k.m.mapper.KbDocumentMapper.insert - ==>  Preparing: INSERT INTO kb_document ( id, category_id, title, content, status, version, create_by, update_by, create_time, update_time, deleted ) VALUES ( ?, ?, ?, ?, ?, ?, ?, ?, ?, ?, ? )
2026-06-07 12:45:59 [main] DEBUG c.k.m.mapper.KbDocumentMapper.insert - ==> Parameters: 2063482581722087426(Long), 2063482581722087425(Long), 测试文档(String), # 测试内容(String), DRAFT(String), 1(Integer), system(String), system(String), 2026-06-07T12:45:59.795733200(LocalDateTime), 2026-06-07T12:45:59.795733200(LocalDateTime), 0(Integer)
2026-06-07 12:45:59 [main] DEBUG c.k.m.mapper.KbDocumentMapper.insert - <==    Updates: 1
2026-06-07 12:45:59 [main] DEBUG c.k.m.mapper.KbDocumentMapper.insert - ==>  Preparing: INSERT INTO kb_document ( id, category_id, title, content, status, version, create_by, update_by, create_time, update_time, deleted ) VALUES ( ?, ?, ?, ?, ?, ?, ?, ?, ?, ?, ? )
2026-06-07 12:45:59 [main] DEBUG c.k.m.mapper.KbDocumentMapper.insert - ==> Parameters: 2063482581722087427(Long), 2063482581722087425(Long), Java入门(String), # Java内容(String), DRAFT(String), 1(Integer), system(String), system(String), 2026-06-07T12:45:59.796733(LocalDateTime), 2026-06-07T12:45:59.796733(LocalDateTime), 0(Integer)
2026-06-07 12:45:59 [main] DEBUG c.k.m.mapper.KbDocumentMapper.insert - <==    Updates: 1
2026-06-07 12:45:59 [main] DEBUG c.k.m.mapper.KbDocumentMapper.insert - ==>  Preparing: INSERT INTO kb_document ( id, category_id, title, content, status, version, create_by, update_by, create_time, update_time, deleted ) VALUES ( ?, ?, ?, ?, ?, ?, ?, ?, ?, ?, ? )
2026-06-07 12:45:59 [main] DEBUG c.k.m.mapper.KbDocumentMapper.insert - ==> Parameters: 2063482581722087428(Long), 2063482581722087425(Long), Python进阶(String), # Python内容(String), DRAFT(String), 1(Integer), system(String), system(String), 2026-06-07T12:45:59.797732800(LocalDateTime), 2026-06-07T12:45:59.797732800(LocalDateTime), 0(Integer)
2026-06-07 12:45:59 [main] DEBUG c.k.m.mapper.KbDocumentMapper.insert - <==    Updates: 1
2026-06-07 12:45:59 [main] DEBUG c.k.m.mapper.KbDocumentMapper.insert - ==>  Preparing: INSERT INTO kb_document ( id, category_id, title, content, status, version, create_by, update_by, create_time, update_time, deleted ) VALUES ( ?, ?, ?, ?, ?, ?, ?, ?, ?, ?, ? )
2026-06-07 12:45:59 [main] DEBUG c.k.m.mapper.KbDocumentMapper.insert - ==> Parameters: 2063482581722087429(Long), 2063482581722087425(Long), JavaScript基础(String), # JS内容(String), DRAFT(String), 1(Integer), system(String), system(String), 2026-06-07T12:45:59.798732500(LocalDateTime), 2026-06-07T12:45:59.798732500(LocalDateTime), 0(Integer)
2026-06-07 12:45:59 [main] DEBUG c.k.m.mapper.KbDocumentMapper.insert - <==    Updates: 1
2026-06-07 12:45:59 [main] DEBUG c.k.m.m.KbDocumentMapper.selectList - ==>  Preparing: SELECT id,category_id,title,content,status,version,publish_time,create_by,update_by,create_time,update_time,deleted FROM kb_document WHERE deleted=0 AND (title LIKE ? AND deleted = ?) ORDER BY create_time DESC
2026-06-07 12:45:59 [main] DEBUG c.k.m.m.KbDocumentMapper.selectList - ==> Parameters: %Java%(String), 0(Integer)
2026-06-07 12:45:59 [main] DEBUG c.k.m.m.KbDocumentMapper.selectList - <==      Total: 2
]]></system-out>
  </testcase>
</testsuite>