<?xml version="1.0" encoding="UTF-8"?>
<testsuite xmlns:xsi="http://www.w3.org/2001/XMLSchema-instance" xsi:noNamespaceSchemaLocation="https://maven.apache.org/surefire/maven-surefire-plugin/xsd/surefire-test-report-3.0.xsd" version="3.0" name="com.kb.manager.service.KbCategoryServiceTest" time="4.603" tests="4" errors="0" skipped="0" failures="0">
  <properties>
[...]
</properties>
  <testcase name="testDeleteCategoryWithDocuments" classname="com.kb.manager.service.KbCategoryServiceTest" time="1.079">
    <system-out><![CDATA[18:20:36.176 [main] INFO org.springframework.test.context.support.AnnotationConfigContextLoaderUtils -- Could not detect default configuration classes for test class [com.kb.manager.service.KbCategoryServiceTest]: KbCategoryServiceTest does not declare any static, non-private, non-final, nested classes annotated with @Configuration.
18:20:36.294 [main] INFO org.springframework.boot.test.context.SpringBootTestContextBootstrapper -- Found @SpringBootConfiguration com.kb.manager.KbManagerApplication for test class com.kb.manager.service.KbCategoryServiceTest

  .   ____          _            __ _ _
 /\\ / ___'_ __ _ _(_)_ __  __ _ \ \ \ \
( ( )\___ | '_ | '_| | '_ \/ _` | \ \ \ \
 \\/  ___)| |_)| | | | | || (_| |  ) ) ) )
  '  |____| .__|_| |_|_| |_\__, | / / / /
 =========|_|==============|___/=/_/_/_/
 :: Spring Boot ::                (v3.2.5)

2026-06-12 18:20:36 [main] INFO  c.k.m.service.KbCategoryServiceTest - Starting KbCategoryServiceTest using Java 17.0.10 with PID 33812 (started by yangzf in D:\BaiduSyncdisk\files\利通资料\研发中心\20.部门工作\通用技术研发平台\2026年\AI编程助手深化应用\深化应用\任务四\Qoder-CN-Demo\backend)
2026-06-12 18:20:36 [main] DEBUG c.k.m.service.KbCategoryServiceTest - Running with Spring Boot v3.2.5, Spring v6.1.6
2026-06-12 18:20:36 [main] INFO  c.k.m.service.KbCategoryServiceTest - The following 1 profile is active: "dev"
2026-06-12 18:20:38 [main] DEBUG c.b.m.e.s.MybatisSqlSessionFactoryBean - Parsed mapper file: 'file [D:\BaiduSyncdisk\files\利通资料\研发中心\20.部门工作\通用技术研发平台\2026年\AI编程助手深化应用\深化应用\任务四\Qoder-CN-Demo\backend\target\classes\mapper\KbDocumentTagMapper.xml]'
2026-06-12 18:20:38 [main] DEBUG c.b.m.core.toolkit.Sequence - Get /198.18.0.1 network interface 
2026-06-12 18:20:38 [main] DEBUG c.b.m.core.toolkit.Sequence - Get network interface info: name:net7 (Meta Tunnel)
2026-06-12 18:20:38 [main] DEBUG c.b.m.core.toolkit.Sequence - Initialization Sequence datacenterId:0 workerId:9
 _ _   |_  _ _|_. ___ _ |    _ 
| | |\/|_)(_| | |_\  |_)||_|_\ 
     /               |         
                        3.5.9 
2026-06-12 18:20:38 [main] INFO  com.zaxxer.hikari.HikariDataSource - HikariPool-1 - Starting...
2026-06-12 18:20:38 [main] INFO  com.zaxxer.hikari.pool.HikariPool - HikariPool-1 - Added connection conn0: url=jdbc:h2:file:./data/kbdb user=SA
2026-06-12 18:20:38 [main] INFO  com.zaxxer.hikari.HikariDataSource - HikariPool-1 - Start completed.
2026-06-12 18:20:39 [main] INFO  o.s.b.a.h.H2ConsoleAutoConfiguration - H2 console available at '/h2-console'. Database available at 'jdbc:h2:file:./data/kbdb'
2026-06-12 18:20:39 [main] INFO  c.k.m.service.KbCategoryServiceTest - Started KbCategoryServiceTest in 3.053 seconds (process running for 3.814)
2026-06-12 18:20:40 [main] DEBUG c.k.m.mapper.KbCategoryMapper.insert - ==>  Preparing: INSERT INTO kb_category ( id, parent_id, name, sort_order, create_time, update_time, deleted ) VALUES ( ?, ?, ?, ?, ?, ?, ? )
2026-06-12 18:20:40 [main] DEBUG c.k.m.mapper.KbCategoryMapper.insert - ==> Parameters: 2065378745614635009(Long), 0(Long), 有文档的分类(String), 1(Integer), 2026-06-12T18:20:40.466686800(LocalDateTime), 2026-06-12T18:20:40.466686800(LocalDateTime), 0(Integer)
2026-06-12 18:20:40 [main] DEBUG c.k.m.mapper.KbCategoryMapper.insert - <==    Updates: 1
2026-06-12 18:20:40 [main] DEBUG c.k.m.m.KbCategoryMapper.selectList - ==>  Preparing: SELECT id,parent_id,name,sort_order,create_time,update_time,deleted FROM kb_category WHERE deleted=0 AND (deleted = ?) ORDER BY sort_order ASC
2026-06-12 18:20:40 [main] DEBUG c.k.m.m.KbCategoryMapper.selectList - ==> Parameters: 0(Integer)
2026-06-12 18:20:40 [main] DEBUG c.k.m.m.KbCategoryMapper.selectList - <==      Total: 1
2026-06-12 18:20:40 [main] DEBUG c.k.m.mapper.KbDocumentMapper.insert - ==>  Preparing: INSERT INTO kb_document ( id, category_id, title, content, status, version, create_by, update_by, create_time, update_time, deleted ) VALUES ( ?, ?, ?, ?, ?, ?, ?, ?, ?, ?, ? )
2026-06-12 18:20:40 [main] DEBUG c.k.m.mapper.KbDocumentMapper.insert - ==> Parameters: 2065378745908236290(Long), 2065378745614635009(Long), 测试文档(String), # 内容(String), DRAFT(String), 1(Integer), system(String), system(String), 2026-06-12T18:20:40.572618900(LocalDateTime), 2026-06-12T18:20:40.572618900(LocalDateTime), 0(Integer)
2026-06-12 18:20:40 [main] DEBUG c.k.m.mapper.KbDocumentMapper.insert - <==    Updates: 1
2026-06-12 18:20:40 [main] DEBUG c.k.m.m.KbCategoryMapper.selectById - ==>  Preparing: SELECT id,parent_id,name,sort_order,create_time,update_time,deleted FROM kb_category WHERE id=? AND deleted=0
2026-06-12 18:20:40 [main] DEBUG c.k.m.m.KbCategoryMapper.selectById - ==> Parameters: 2065378745614635009(Long)
2026-06-12 18:20:40 [main] DEBUG c.k.m.m.KbCategoryMapper.selectById - <==      Total: 1
2026-06-12 18:20:40 [main] DEBUG c.k.m.m.KbCategoryMapper.selectCount - ==>  Preparing: SELECT COUNT( * ) AS total FROM kb_category WHERE deleted=0 AND (parent_id = ? AND deleted = ?)
2026-06-12 18:20:40 [main] DEBUG c.k.m.m.KbCategoryMapper.selectCount - ==> Parameters: 2065378745614635009(Long), 0(Integer)
2026-06-12 18:20:40 [main] DEBUG c.k.m.m.KbCategoryMapper.selectCount - <==      Total: 1
2026-06-12 18:20:40 [main] DEBUG c.k.m.m.KbDocumentMapper.selectCount - ==>  Preparing: SELECT COUNT( * ) AS total FROM kb_document WHERE deleted=0 AND (category_id = ? AND deleted = ?)
2026-06-12 18:20:40 [main] DEBUG c.k.m.m.KbDocumentMapper.selectCount - ==> Parameters: 2065378745614635009(Long), 0(Integer)
2026-06-12 18:20:40 [main] DEBUG c.k.m.m.KbDocumentMapper.selectCount - <==      Total: 1
]]></system-out>
  </testcase>
  <testcase name="testDeleteEmptyCategory" classname="com.kb.manager.service.KbCategoryServiceTest" time="0.021">
    <system-out><![CDATA[2026-06-12 18:20:40 [main] DEBUG c.k.m.mapper.KbCategoryMapper.insert - ==>  Preparing: INSERT INTO kb_category ( id, parent_id, name, sort_order, create_time, update_time, deleted ) VALUES ( ?, ?, ?, ?, ?, ?, ? )
2026-06-12 18:20:40 [main] DEBUG c.k.m.mapper.KbCategoryMapper.insert - ==> Parameters: 2065378746042454018(Long), 0(Long), 空分类(String), 1(Integer), 2026-06-12T18:20:40.602618800(LocalDateTime), 2026-06-12T18:20:40.602618800(LocalDateTime), 0(Integer)
2026-06-12 18:20:40 [main] DEBUG c.k.m.mapper.KbCategoryMapper.insert - <==    Updates: 1
2026-06-12 18:20:40 [main] DEBUG c.k.m.m.KbCategoryMapper.selectList - ==>  Preparing: SELECT id,parent_id,name,sort_order,create_time,update_time,deleted FROM kb_category WHERE deleted=0 AND (deleted = ?) ORDER BY sort_order ASC
2026-06-12 18:20:40 [main] DEBUG c.k.m.m.KbCategoryMapper.selectList - ==> Parameters: 0(Integer)
2026-06-12 18:20:40 [main] DEBUG c.k.m.m.KbCategoryMapper.selectList - <==      Total: 1
2026-06-12 18:20:40 [main] DEBUG c.k.m.m.KbCategoryMapper.selectById - ==>  Preparing: SELECT id,parent_id,name,sort_order,create_time,update_time,deleted FROM kb_category WHERE id=? AND deleted=0
2026-06-12 18:20:40 [main] DEBUG c.k.m.m.KbCategoryMapper.selectById - ==> Parameters: 2065378746042454018(Long)
2026-06-12 18:20:40 [main] DEBUG c.k.m.m.KbCategoryMapper.selectById - <==      Total: 1
2026-06-12 18:20:40 [main] DEBUG c.k.m.m.KbCategoryMapper.selectCount - ==>  Preparing: SELECT COUNT( * ) AS total FROM kb_category WHERE deleted=0 AND (parent_id = ? AND deleted = ?)
2026-06-12 18:20:40 [main] DEBUG c.k.m.m.KbCategoryMapper.selectCount - ==> Parameters: 2065378746042454018(Long), 0(Integer)
2026-06-12 18:20:40 [main] DEBUG c.k.m.m.KbCategoryMapper.selectCount - <==      Total: 1
2026-06-12 18:20:40 [main] DEBUG c.k.m.m.KbDocumentMapper.selectCount - ==>  Preparing: SELECT COUNT( * ) AS total FROM kb_document WHERE deleted=0 AND (category_id = ? AND deleted = ?)
2026-06-12 18:20:40 [main] DEBUG c.k.m.m.KbDocumentMapper.selectCount - ==> Parameters: 2065378746042454018(Long), 0(Integer)
2026-06-12 18:20:40 [main] DEBUG c.k.m.m.KbDocumentMapper.selectCount - <==      Total: 1
2026-06-12 18:20:40 [main] DEBUG c.k.m.m.KbCategoryMapper.deleteById - ==>  Preparing: UPDATE kb_category SET deleted=1 WHERE id=? AND deleted=0
2026-06-12 18:20:40 [main] DEBUG c.k.m.m.KbCategoryMapper.deleteById - ==> Parameters: 2065378746042454018(Long)
2026-06-12 18:20:40 [main] DEBUG c.k.m.m.KbCategoryMapper.deleteById - <==    Updates: 1
2026-06-12 18:20:40 [main] DEBUG c.k.m.m.KbCategoryMapper.selectList - ==>  Preparing: SELECT id,parent_id,name,sort_order,create_time,update_time,deleted FROM kb_category WHERE deleted=0 AND (deleted = ?) ORDER BY sort_order ASC
2026-06-12 18:20:40 [main] DEBUG c.k.m.m.KbCategoryMapper.selectList - ==> Parameters: 0(Integer)
2026-06-12 18:20:40 [main] DEBUG c.k.m.m.KbCategoryMapper.selectList - <==      Total: 0
]]></system-out>
  </testcase>
  <testcase name="testDeleteCategoryWithChildren" classname="com.kb.manager.service.KbCategoryServiceTest" time="0.014">
    <system-out><![CDATA[2026-06-12 18:20:40 [main] DEBUG c.k.m.mapper.KbCategoryMapper.insert - ==>  Preparing: INSERT INTO kb_category ( id, parent_id, name, sort_order, create_time, update_time, deleted ) VALUES ( ?, ?, ?, ?, ?, ?, ? )
2026-06-12 18:20:40 [main] DEBUG c.k.m.mapper.KbCategoryMapper.insert - ==> Parameters: 2065378746109562882(Long), 0(Long), 父分类(String), 1(Integer), 2026-06-12T18:20:40.624619400(LocalDateTime), 2026-06-12T18:20:40.624619400(LocalDateTime), 0(Integer)
2026-06-12 18:20:40 [main] DEBUG c.k.m.mapper.KbCategoryMapper.insert - <==    Updates: 1
2026-06-12 18:20:40 [main] DEBUG c.k.m.m.KbCategoryMapper.selectList - ==>  Preparing: SELECT id,parent_id,name,sort_order,create_time,update_time,deleted FROM kb_category WHERE deleted=0 AND (deleted = ?) ORDER BY sort_order ASC
2026-06-12 18:20:40 [main] DEBUG c.k.m.m.KbCategoryMapper.selectList - ==> Parameters: 0(Integer)
2026-06-12 18:20:40 [main] DEBUG c.k.m.m.KbCategoryMapper.selectList - <==      Total: 1
2026-06-12 18:20:40 [main] DEBUG c.k.m.m.KbCategoryMapper.selectById - ==>  Preparing: SELECT id,parent_id,name,sort_order,create_time,update_time,deleted FROM kb_category WHERE id=? AND deleted=0
2026-06-12 18:20:40 [main] DEBUG c.k.m.m.KbCategoryMapper.selectById - ==> Parameters: 2065378746109562882(Long)
2026-06-12 18:20:40 [main] DEBUG c.k.m.m.KbCategoryMapper.selectById - <==      Total: 1
2026-06-12 18:20:40 [main] DEBUG c.k.m.mapper.KbCategoryMapper.insert - ==>  Preparing: INSERT INTO kb_category ( id, parent_id, name, sort_order, create_time, update_time, deleted ) VALUES ( ?, ?, ?, ?, ?, ?, ? )
2026-06-12 18:20:40 [main] DEBUG c.k.m.mapper.KbCategoryMapper.insert - ==> Parameters: 2065378746172477441(Long), 2065378746109562882(Long), 子分类(String), 1(Integer), 2026-06-12T18:20:40.631620900(LocalDateTime), 2026-06-12T18:20:40.631620900(LocalDateTime), 0(Integer)
2026-06-12 18:20:40 [main] DEBUG c.k.m.mapper.KbCategoryMapper.insert - <==    Updates: 1
2026-06-12 18:20:40 [main] DEBUG c.k.m.m.KbCategoryMapper.selectById - ==>  Preparing: SELECT id,parent_id,name,sort_order,create_time,update_time,deleted FROM kb_category WHERE id=? AND deleted=0
2026-06-12 18:20:40 [main] DEBUG c.k.m.m.KbCategoryMapper.selectById - ==> Parameters: 2065378746109562882(Long)
2026-06-12 18:20:40 [main] DEBUG c.k.m.m.KbCategoryMapper.selectById - <==      Total: 1
2026-06-12 18:20:40 [main] DEBUG c.k.m.m.KbCategoryMapper.selectCount - ==>  Preparing: SELECT COUNT( * ) AS total FROM kb_category WHERE deleted=0 AND (parent_id = ? AND deleted = ?)
2026-06-12 18:20:40 [main] DEBUG c.k.m.m.KbCategoryMapper.selectCount - ==> Parameters: 2065378746109562882(Long), 0(Integer)
2026-06-12 18:20:40 [main] DEBUG c.k.m.m.KbCategoryMapper.selectCount - <==      Total: 1
]]></system-out>
  </testcase>
  <testcase name="testGetCategoryTree" classname="com.kb.manager.service.KbCategoryServiceTest" time="0.019">
    <system-out><![CDATA[2026-06-12 18:20:40 [main] DEBUG c.k.m.mapper.KbCategoryMapper.insert - ==>  Preparing: INSERT INTO kb_category ( id, parent_id, name, sort_order, create_time, update_time, deleted ) VALUES ( ?, ?, ?, ?, ?, ?, ? )
2026-06-12 18:20:40 [main] DEBUG c.k.m.mapper.KbCategoryMapper.insert - ==> Parameters: 2065378746172477442(Long), 0(Long), 技术文档(String), 1(Integer), 2026-06-12T18:20:40.640393300(LocalDateTime), 2026-06-12T18:20:40.640393300(LocalDateTime), 0(Integer)
2026-06-12 18:20:40 [main] DEBUG c.k.m.mapper.KbCategoryMapper.insert - <==    Updates: 1
2026-06-12 18:20:40 [main] DEBUG c.k.m.mapper.KbCategoryMapper.insert - ==>  Preparing: INSERT INTO kb_category ( id, parent_id, name, sort_order, create_time, update_time, deleted ) VALUES ( ?, ?, ?, ?, ?, ?, ? )
2026-06-12 18:20:40 [main] DEBUG c.k.m.mapper.KbCategoryMapper.insert - ==> Parameters: 2065378746239586305(Long), 0(Long), 产品文档(String), 2(Integer), 2026-06-12T18:20:40.642697100(LocalDateTime), 2026-06-12T18:20:40.642697100(LocalDateTime), 0(Integer)
2026-06-12 18:20:40 [main] DEBUG c.k.m.mapper.KbCategoryMapper.insert - <==    Updates: 1
2026-06-12 18:20:40 [main] DEBUG c.k.m.m.KbCategoryMapper.selectList - ==>  Preparing: SELECT id,parent_id,name,sort_order,create_time,update_time,deleted FROM kb_category WHERE deleted=0 AND (deleted = ?) ORDER BY sort_order ASC
2026-06-12 18:20:40 [main] DEBUG c.k.m.m.KbCategoryMapper.selectList - ==> Parameters: 0(Integer)
2026-06-12 18:20:40 [main] DEBUG c.k.m.m.KbCategoryMapper.selectList - <==      Total: 2
2026-06-12 18:20:40 [main] DEBUG c.k.m.m.KbCategoryMapper.selectById - ==>  Preparing: SELECT id,parent_id,name,sort_order,create_time,update_time,deleted FROM kb_category WHERE id=? AND deleted=0
2026-06-12 18:20:40 [main] DEBUG c.k.m.m.KbCategoryMapper.selectById - ==> Parameters: 2065378746172477442(Long)
2026-06-12 18:20:40 [main] DEBUG c.k.m.m.KbCategoryMapper.selectById - <==      Total: 1
2026-06-12 18:20:40 [main] DEBUG c.k.m.mapper.KbCategoryMapper.insert - ==>  Preparing: INSERT INTO kb_category ( id, parent_id, name, sort_order, create_time, update_time, deleted ) VALUES ( ?, ?, ?, ?, ?, ?, ? )
2026-06-12 18:20:40 [main] DEBUG c.k.m.mapper.KbCategoryMapper.insert - ==> Parameters: 2065378746239586306(Long), 2065378746172477442(Long), 后端开发(String), 1(Integer), 2026-06-12T18:20:40.648697900(LocalDateTime), 2026-06-12T18:20:40.648697900(LocalDateTime), 0(Integer)
2026-06-12 18:20:40 [main] DEBUG c.k.m.mapper.KbCategoryMapper.insert - <==    Updates: 1
2026-06-12 18:20:40 [main] DEBUG c.k.m.m.KbCategoryMapper.selectById - ==>  Preparing: SELECT id,parent_id,name,sort_order,create_time,update_time,deleted FROM kb_category WHERE id=? AND deleted=0
2026-06-12 18:20:40 [main] DEBUG c.k.m.m.KbCategoryMapper.selectById - ==> Parameters: 2065378746172477442(Long)
2026-06-12 18:20:40 [main] DEBUG c.k.m.m.KbCategoryMapper.selectById - <==      Total: 1
2026-06-12 18:20:40 [main] DEBUG c.k.m.mapper.KbCategoryMapper.insert - ==>  Preparing: INSERT INTO kb_category ( id, parent_id, name, sort_order, create_time, update_time, deleted ) VALUES ( ?, ?, ?, ?, ?, ?, ? )
2026-06-12 18:20:40 [main] DEBUG c.k.m.mapper.KbCategoryMapper.insert - ==> Parameters: 2065378746239586307(Long), 2065378746172477442(Long), 前端开发(String), 2(Integer), 2026-06-12T18:20:40.651697200(LocalDateTime), 2026-06-12T18:20:40.651697200(LocalDateTime), 0(Integer)
2026-06-12 18:20:40 [main] DEBUG c.k.m.mapper.KbCategoryMapper.insert - <==    Updates: 1
2026-06-12 18:20:40 [main] DEBUG c.k.m.m.KbCategoryMapper.selectList - ==>  Preparing: SELECT id,parent_id,name,sort_order,create_time,update_time,deleted FROM kb_category WHERE deleted=0 AND (deleted = ?) ORDER BY sort_order ASC
2026-06-12 18:20:40 [main] DEBUG c.k.m.m.KbCategoryMapper.selectList - ==> Parameters: 0(Integer)
2026-06-12 18:20:40 [main] DEBUG c.k.m.m.KbCategoryMapper.selectList - <==      Total: 4
]]></system-out>
  </testcase>
</testsuite>