<?xml version="1.0" encoding="UTF-8"?>
<testsuite xmlns:xsi="http://www.w3.org/2001/XMLSchema-instance" xsi:noNamespaceSchemaLocation="https://maven.apache.org/surefire/maven-surefire-plugin/xsd/surefire-test-report-3.0.xsd" version="3.0" name="com.kb.manager.service.KbCategoryServiceTest" time="2.798" tests="4" errors="0" skipped="0" failures="0">
  <properties>
[...]
</properties>
  <testcase name="testDeleteCategoryWithDocuments" classname="com.kb.manager.service.KbCategoryServiceTest" time="0.682">
    <system-out><![CDATA[12:45:57.024 [main] INFO org.springframework.test.context.support.AnnotationConfigContextLoaderUtils -- Could not detect default configuration classes for test class [com.kb.manager.service.KbCategoryServiceTest]: KbCategoryServiceTest does not declare any static, non-private, non-final, nested classes annotated with @Configuration.
12:45:57.083 [main] INFO org.springframework.boot.test.context.SpringBootTestContextBootstrapper -- Found @SpringBootConfiguration com.kb.manager.KbManagerApplication for test class com.kb.manager.service.KbCategoryServiceTest

  .   ____          _            __ _ _
 /\\ / ___'_ __ _ _(_)_ __  __ _ \ \ \ \
( ( )\___ | '_ | '_| | '_ \/ _` | \ \ \ \
 \\/  ___)| |_)| | | | | || (_| |  ) ) ) )
  '  |____| .__|_| |_|_| |_\__, | / / / /
 =========|_|==============|___/=/_/_/_/
 :: Spring Boot ::                (v3.2.5)

2026-06-07 12:45:57 [main] INFO  c.k.m.service.KbCategoryServiceTest - Starting KbCategoryServiceTest using Java 17.0.19 with PID 22312 (started by Chris in C:\Users\Chris\.qoder-cn\worktree\Qoder-CN-Demo\exE2Jz\backend)
2026-06-07 12:45:57 [main] DEBUG c.k.m.service.KbCategoryServiceTest - Running with Spring Boot v3.2.5, Spring v6.1.6
2026-06-07 12:45:57 [main] INFO  c.k.m.service.KbCategoryServiceTest - The following 1 profile is active: "dev"
2026-06-07 12:45:57 [main] DEBUG c.b.m.e.s.MybatisSqlSessionFactoryBean - Property 'mapperLocations' was not specified.
2026-06-07 12:45:58 [main] DEBUG c.b.m.core.toolkit.Sequence - Get /198.18.0.1 network interface 
2026-06-07 12:45:58 [main] DEBUG c.b.m.core.toolkit.Sequence - Get network interface info: name:net12 (Meta Tunnel)
2026-06-07 12:45:58 [main] DEBUG c.b.m.core.toolkit.Sequence - Initialization Sequence datacenterId:0 workerId:4
 _ _   |_  _ _|_. ___ _ |    _ 
| | |\/|_)(_| | |_\  |_)||_|_\ 
     /               |         
                        3.5.9 
2026-06-07 12:45:58 [main] INFO  com.zaxxer.hikari.HikariDataSource - HikariPool-1 - Starting...
2026-06-07 12:45:58 [main] INFO  com.zaxxer.hikari.pool.HikariPool - HikariPool-1 - Added connection conn0: url=jdbc:h2:mem:kbdb user=SA
2026-06-07 12:45:58 [main] INFO  com.zaxxer.hikari.HikariDataSource - HikariPool-1 - Start completed.
2026-06-07 12:45:58 [main] INFO  o.s.b.a.h.H2ConsoleAutoConfiguration - H2 console available at '/h2-console'. Database available at 'jdbc:h2:mem:kbdb'
2026-06-07 12:45:58 [main] INFO  c.k.m.service.KbCategoryServiceTest - Started KbCategoryServiceTest in 1.831 seconds (process running for 2.333)
2026-06-07 12:45:59 [main] DEBUG c.k.m.mapper.KbCategoryMapper.insert - ==>  Preparing: INSERT INTO kb_category ( id, parent_id, name, sort_order, create_time, update_time, deleted ) VALUES ( ?, ?, ?, ?, ?, ?, ? )
2026-06-07 12:45:59 [main] DEBUG c.k.m.mapper.KbCategoryMapper.insert - ==> Parameters: 2063482581017444354(Long), 0(Long), 有文档的分类(String), 1(Integer), 2026-06-07T12:45:59.602961500(LocalDateTime), 2026-06-07T12:45:59.602961500(LocalDateTime), 0(Integer)
2026-06-07 12:45:59 [main] DEBUG c.k.m.mapper.KbCategoryMapper.insert - <==    Updates: 1
2026-06-07 12:45:59 [main] DEBUG c.k.m.m.KbCategoryMapper.selectList - ==>  Preparing: SELECT id,parent_id,name,sort_order,create_time,update_time,deleted FROM kb_category WHERE deleted=0 AND (deleted = ?) ORDER BY sort_order ASC
2026-06-07 12:45:59 [main] DEBUG c.k.m.m.KbCategoryMapper.selectList - ==> Parameters: 0(Integer)
2026-06-07 12:45:59 [main] DEBUG c.k.m.m.KbCategoryMapper.selectList - <==      Total: 1
2026-06-07 12:45:59 [main] DEBUG c.k.m.mapper.KbDocumentMapper.insert - ==>  Preparing: INSERT INTO kb_document ( id, category_id, title, content, status, version, create_by, update_by, create_time, update_time, deleted ) VALUES ( ?, ?, ?, ?, ?, ?, ?, ?, ?, ?, ? )
2026-06-07 12:45:59 [main] DEBUG c.k.m.mapper.KbDocumentMapper.insert - ==> Parameters: 2063482581201993729(Long), 2063482581017444354(Long), 测试文档(String), # 内容(String), DRAFT(String), 1(Integer), system(String), system(String), 2026-06-07T12:45:59.676933400(LocalDateTime), 2026-06-07T12:45:59.676933400(LocalDateTime), 0(Integer)
2026-06-07 12:45:59 [main] DEBUG c.k.m.mapper.KbDocumentMapper.insert - <==    Updates: 1
2026-06-07 12:45:59 [main] DEBUG c.k.m.m.KbCategoryMapper.selectById - ==>  Preparing: SELECT id,parent_id,name,sort_order,create_time,update_time,deleted FROM kb_category WHERE id=? AND deleted=0
2026-06-07 12:45:59 [main] DEBUG c.k.m.m.KbCategoryMapper.selectById - ==> Parameters: 2063482581017444354(Long)
2026-06-07 12:45:59 [main] DEBUG c.k.m.m.KbCategoryMapper.selectById - <==      Total: 1
2026-06-07 12:45:59 [main] DEBUG c.k.m.m.KbCategoryMapper.selectCount - ==>  Preparing: SELECT COUNT( * ) AS total FROM kb_category WHERE deleted=0 AND (parent_id = ? AND deleted = ?)
2026-06-07 12:45:59 [main] DEBUG c.k.m.m.KbCategoryMapper.selectCount - ==> Parameters: 2063482581017444354(Long), 0(Integer)
2026-06-07 12:45:59 [main] DEBUG c.k.m.m.KbCategoryMapper.selectCount - <==      Total: 1
2026-06-07 12:45:59 [main] DEBUG c.k.m.m.KbDocumentMapper.selectCount - ==>  Preparing: SELECT COUNT( * ) AS total FROM kb_document WHERE deleted=0 AND (category_id = ? AND deleted = ?)
2026-06-07 12:45:59 [main] DEBUG c.k.m.m.KbDocumentMapper.selectCount - ==> Parameters: 2063482581017444354(Long), 0(Integer)
2026-06-07 12:45:59 [main] DEBUG c.k.m.m.KbDocumentMapper.selectCount - <==      Total: 1
]]></system-out>
  </testcase>
  <testcase name="testDeleteEmptyCategory" classname="com.kb.manager.service.KbCategoryServiceTest" time="0.013">
    <system-out><![CDATA[2026-06-07 12:45:59 [main] DEBUG c.k.m.mapper.KbCategoryMapper.insert - ==>  Preparing: INSERT INTO kb_category ( id, parent_id, name, sort_order, create_time, update_time, deleted ) VALUES ( ?, ?, ?, ?, ?, ?, ? )
2026-06-07 12:45:59 [main] DEBUG c.k.m.mapper.KbCategoryMapper.insert - ==> Parameters: 2063482581332017154(Long), 0(Long), 空分类(String), 1(Integer), 2026-06-07T12:45:59.700246700(LocalDateTime), 2026-06-07T12:45:59.700246700(LocalDateTime), 0(Integer)
2026-06-07 12:45:59 [main] DEBUG c.k.m.mapper.KbCategoryMapper.insert - <==    Updates: 1
2026-06-07 12:45:59 [main] DEBUG c.k.m.m.KbCategoryMapper.selectList - ==>  Preparing: SELECT id,parent_id,name,sort_order,create_time,update_time,deleted FROM kb_category WHERE deleted=0 AND (deleted = ?) ORDER BY sort_order ASC
2026-06-07 12:45:59 [main] DEBUG c.k.m.m.KbCategoryMapper.selectList - ==> Parameters: 0(Integer)
2026-06-07 12:45:59 [main] DEBUG c.k.m.m.KbCategoryMapper.selectList - <==      Total: 1
2026-06-07 12:45:59 [main] DEBUG c.k.m.m.KbCategoryMapper.selectById - ==>  Preparing: SELECT id,parent_id,name,sort_order,create_time,update_time,deleted FROM kb_category WHERE id=? AND deleted=0
2026-06-07 12:45:59 [main] DEBUG c.k.m.m.KbCategoryMapper.selectById - ==> Parameters: 2063482581332017154(Long)
2026-06-07 12:45:59 [main] DEBUG c.k.m.m.KbCategoryMapper.selectById - <==      Total: 1
2026-06-07 12:45:59 [main] DEBUG c.k.m.m.KbCategoryMapper.selectCount - ==>  Preparing: SELECT COUNT( * ) AS total FROM kb_category WHERE deleted=0 AND (parent_id = ? AND deleted = ?)
2026-06-07 12:45:59 [main] DEBUG c.k.m.m.KbCategoryMapper.selectCount - ==> Parameters: 2063482581332017154(Long), 0(Integer)
2026-06-07 12:45:59 [main] DEBUG c.k.m.m.KbCategoryMapper.selectCount - <==      Total: 1
2026-06-07 12:45:59 [main] DEBUG c.k.m.m.KbDocumentMapper.selectCount - ==>  Preparing: SELECT COUNT( * ) AS total FROM kb_document WHERE deleted=0 AND (category_id = ? AND deleted = ?)
2026-06-07 12:45:59 [main] DEBUG c.k.m.m.KbDocumentMapper.selectCount - ==> Parameters: 2063482581332017154(Long), 0(Integer)
2026-06-07 12:45:59 [main] DEBUG c.k.m.m.KbDocumentMapper.selectCount - <==      Total: 1
2026-06-07 12:45:59 [main] DEBUG c.k.m.m.KbCategoryMapper.deleteById - ==>  Preparing: UPDATE kb_category SET deleted=1 WHERE id=? AND deleted=0
2026-06-07 12:45:59 [main] DEBUG c.k.m.m.KbCategoryMapper.deleteById - ==> Parameters: 2063482581332017154(Long)
2026-06-07 12:45:59 [main] DEBUG c.k.m.m.KbCategoryMapper.deleteById - <==    Updates: 1
2026-06-07 12:45:59 [main] DEBUG c.k.m.m.KbCategoryMapper.selectList - ==>  Preparing: SELECT id,parent_id,name,sort_order,create_time,update_time,deleted FROM kb_category WHERE deleted=0 AND (deleted = ?) ORDER BY sort_order ASC
2026-06-07 12:45:59 [main] DEBUG c.k.m.m.KbCategoryMapper.selectList - ==> Parameters: 0(Integer)
2026-06-07 12:45:59 [main] DEBUG c.k.m.m.KbCategoryMapper.selectList - <==      Total: 0
]]></system-out>
  </testcase>
  <testcase name="testDeleteCategoryWithChildren" classname="com.kb.manager.service.KbCategoryServiceTest" time="0.009">
    <system-out><![CDATA[2026-06-07 12:45:59 [main] DEBUG c.k.m.mapper.KbCategoryMapper.insert - ==>  Preparing: INSERT INTO kb_category ( id, parent_id, name, sort_order, create_time, update_time, deleted ) VALUES ( ?, ?, ?, ?, ?, ?, ? )
2026-06-07 12:45:59 [main] DEBUG c.k.m.mapper.KbCategoryMapper.insert - ==> Parameters: 2063482581332017155(Long), 0(Long), 父分类(String), 1(Integer), 2026-06-07T12:45:59.713086100(LocalDateTime), 2026-06-07T12:45:59.713086100(LocalDateTime), 0(Integer)
2026-06-07 12:45:59 [main] DEBUG c.k.m.mapper.KbCategoryMapper.insert - <==    Updates: 1
2026-06-07 12:45:59 [main] DEBUG c.k.m.m.KbCategoryMapper.selectList - ==>  Preparing: SELECT id,parent_id,name,sort_order,create_time,update_time,deleted FROM kb_category WHERE deleted=0 AND (deleted = ?) ORDER BY sort_order ASC
2026-06-07 12:45:59 [main] DEBUG c.k.m.m.KbCategoryMapper.selectList - ==> Parameters: 0(Integer)
2026-06-07 12:45:59 [main] DEBUG c.k.m.m.KbCategoryMapper.selectList - <==      Total: 1
2026-06-07 12:45:59 [main] DEBUG c.k.m.m.KbCategoryMapper.selectById - ==>  Preparing: SELECT id,parent_id,name,sort_order,create_time,update_time,deleted FROM kb_category WHERE id=? AND deleted=0
2026-06-07 12:45:59 [main] DEBUG c.k.m.m.KbCategoryMapper.selectById - ==> Parameters: 2063482581332017155(Long)
2026-06-07 12:45:59 [main] DEBUG c.k.m.m.KbCategoryMapper.selectById - <==      Total: 1
2026-06-07 12:45:59 [main] DEBUG c.k.m.mapper.KbCategoryMapper.insert - ==>  Preparing: INSERT INTO kb_category ( id, parent_id, name, sort_order, create_time, update_time, deleted ) VALUES ( ?, ?, ?, ?, ?, ?, ? )
2026-06-07 12:45:59 [main] DEBUG c.k.m.mapper.KbCategoryMapper.insert - ==> Parameters: 2063482581394931713(Long), 2063482581332017155(Long), 子分类(String), 1(Integer), 2026-06-07T12:45:59.718143700(LocalDateTime), 2026-06-07T12:45:59.718143700(LocalDateTime), 0(Integer)
2026-06-07 12:45:59 [main] DEBUG c.k.m.mapper.KbCategoryMapper.insert - <==    Updates: 1
2026-06-07 12:45:59 [main] DEBUG c.k.m.m.KbCategoryMapper.selectById - ==>  Preparing: SELECT id,parent_id,name,sort_order,create_time,update_time,deleted FROM kb_category WHERE id=? AND deleted=0
2026-06-07 12:45:59 [main] DEBUG c.k.m.m.KbCategoryMapper.selectById - ==> Parameters: 2063482581332017155(Long)
2026-06-07 12:45:59 [main] DEBUG c.k.m.m.KbCategoryMapper.selectById - <==      Total: 1
2026-06-07 12:45:59 [main] DEBUG c.k.m.m.KbCategoryMapper.selectCount - ==>  Preparing: SELECT COUNT( * ) AS total FROM kb_category WHERE deleted=0 AND (parent_id = ? AND deleted = ?)
2026-06-07 12:45:59 [main] DEBUG c.k.m.m.KbCategoryMapper.selectCount - ==> Parameters: 2063482581332017155(Long), 0(Integer)
2026-06-07 12:45:59 [main] DEBUG c.k.m.m.KbCategoryMapper.selectCount - <==      Total: 1
]]></system-out>
  </testcase>
  <testcase name="testGetCategoryTree" classname="com.kb.manager.service.KbCategoryServiceTest" time="0.012">
    <system-out><![CDATA[2026-06-07 12:45:59 [main] DEBUG c.k.m.mapper.KbCategoryMapper.insert - ==>  Preparing: INSERT INTO kb_category ( id, parent_id, name, sort_order, create_time, update_time, deleted ) VALUES ( ?, ?, ?, ?, ?, ?, ? )
2026-06-07 12:45:59 [main] DEBUG c.k.m.mapper.KbCategoryMapper.insert - ==> Parameters: 2063482581394931714(Long), 0(Long), 技术文档(String), 1(Integer), 2026-06-07T12:45:59.722794300(LocalDateTime), 2026-06-07T12:45:59.722794300(LocalDateTime), 0(Integer)
2026-06-07 12:45:59 [main] DEBUG c.k.m.mapper.KbCategoryMapper.insert - <==    Updates: 1
2026-06-07 12:45:59 [main] DEBUG c.k.m.mapper.KbCategoryMapper.insert - ==>  Preparing: INSERT INTO kb_category ( id, parent_id, name, sort_order, create_time, update_time, deleted ) VALUES ( ?, ?, ?, ?, ?, ?, ? )
2026-06-07 12:45:59 [main] DEBUG c.k.m.mapper.KbCategoryMapper.insert - ==> Parameters: 2063482581394931715(Long), 0(Long), 产品文档(String), 2(Integer), 2026-06-07T12:45:59.723310500(LocalDateTime), 2026-06-07T12:45:59.723310500(LocalDateTime), 0(Integer)
2026-06-07 12:45:59 [main] DEBUG c.k.m.mapper.KbCategoryMapper.insert - <==    Updates: 1
2026-06-07 12:45:59 [main] DEBUG c.k.m.m.KbCategoryMapper.selectList - ==>  Preparing: SELECT id,parent_id,name,sort_order,create_time,update_time,deleted FROM kb_category WHERE deleted=0 AND (deleted = ?) ORDER BY sort_order ASC
2026-06-07 12:45:59 [main] DEBUG c.k.m.m.KbCategoryMapper.selectList - ==> Parameters: 0(Integer)
2026-06-07 12:45:59 [main] DEBUG c.k.m.m.KbCategoryMapper.selectList - <==      Total: 2
2026-06-07 12:45:59 [main] DEBUG c.k.m.m.KbCategoryMapper.selectById - ==>  Preparing: SELECT id,parent_id,name,sort_order,create_time,update_time,deleted FROM kb_category WHERE id=? AND deleted=0
2026-06-07 12:45:59 [main] DEBUG c.k.m.m.KbCategoryMapper.selectById - ==> Parameters: 2063482581394931714(Long)
2026-06-07 12:45:59 [main] DEBUG c.k.m.m.KbCategoryMapper.selectById - <==      Total: 1
2026-06-07 12:45:59 [main] DEBUG c.k.m.mapper.KbCategoryMapper.insert - ==>  Preparing: INSERT INTO kb_category ( id, parent_id, name, sort_order, create_time, update_time, deleted ) VALUES ( ?, ?, ?, ?, ?, ?, ? )
2026-06-07 12:45:59 [main] DEBUG c.k.m.mapper.KbCategoryMapper.insert - ==> Parameters: 2063482581394931716(Long), 2063482581394931714(Long), 后端开发(String), 1(Integer), 2026-06-07T12:45:59.727989700(LocalDateTime), 2026-06-07T12:45:59.727989700(LocalDateTime), 0(Integer)
2026-06-07 12:45:59 [main] DEBUG c.k.m.mapper.KbCategoryMapper.insert - <==    Updates: 1
2026-06-07 12:45:59 [main] DEBUG c.k.m.m.KbCategoryMapper.selectById - ==>  Preparing: SELECT id,parent_id,name,sort_order,create_time,update_time,deleted FROM kb_category WHERE id=? AND deleted=0
2026-06-07 12:45:59 [main] DEBUG c.k.m.m.KbCategoryMapper.selectById - ==> Parameters: 2063482581394931714(Long)
2026-06-07 12:45:59 [main] DEBUG c.k.m.m.KbCategoryMapper.selectById - <==      Total: 1
2026-06-07 12:45:59 [main] DEBUG c.k.m.mapper.KbCategoryMapper.insert - ==>  Preparing: INSERT INTO kb_category ( id, parent_id, name, sort_order, create_time, update_time, deleted ) VALUES ( ?, ?, ?, ?, ?, ?, ? )
2026-06-07 12:45:59 [main] DEBUG c.k.m.mapper.KbCategoryMapper.insert - ==> Parameters: 2063482581457846273(Long), 2063482581394931714(Long), 前端开发(String), 2(Integer), 2026-06-07T12:45:59.730184200(LocalDateTime), 2026-06-07T12:45:59.730184200(LocalDateTime), 0(Integer)
2026-06-07 12:45:59 [main] DEBUG c.k.m.mapper.KbCategoryMapper.insert - <==    Updates: 1
2026-06-07 12:45:59 [main] DEBUG c.k.m.m.KbCategoryMapper.selectList - ==>  Preparing: SELECT id,parent_id,name,sort_order,create_time,update_time,deleted FROM kb_category WHERE deleted=0 AND (deleted = ?) ORDER BY sort_order ASC
2026-06-07 12:45:59 [main] DEBUG c.k.m.m.KbCategoryMapper.selectList - ==> Parameters: 0(Integer)
2026-06-07 12:45:59 [main] DEBUG c.k.m.m.KbCategoryMapper.selectList - <==      Total: 4
]]></system-out>
  </testcase>
</testsuite>